<?xml version="1.0" encoding="UTF-8"?>
<testsuite name="FileValidatorTest" tests="12" skipped="0" failures="0" errors="0" timestamp="2024-11-03T20:27:32" hostname="santi-Latitude-3520" time="0.017">
  <properties/>
  <testcase name="sortListStream_performOperation_correctResults()" classname="FileValidatorTest" time="0.01"/>
  <testcase name="validateFilesStream_processedInStream_correctResults()" classname="FileValidatorTest" time="0.001"/>
  <testcase name="sortList_performOperation_correctResults()" classname="FileValidatorTest" time="0.0"/>
  <testcase name="removeHiddenFiles_performOperation_correctResults()" classname="FileValidatorTest" time="0.0"/>
  <testcase name="validateFiles_processedInList_correctResults()" classname="FileValidatorTest" time="0.001"/>
  <testcase name="makeLowerCase_performOperation_correctResults()" classname="FileValidatorTest" time="0.0"/>
  <testcase name="collectStreamResults_performOperation_returnList()" classname="FileValidatorTest" time="0.0"/>
  <testcase name="removeHiddenFilesStream_performOperation_correctResults()" classname="FileValidatorTest" time="0.001"/>
  <testcase name="removeDraftFiles_performOperation_correctResults()" classname="FileValidatorTest" time="0.0"/>
  <testcase name="makeLowerCaseStream_performOperation_correctResults()" classname="FileValidatorTest" time="0.0"/>
  <testcase name="createStream_arrayListOfItems_returnsStreamOfItems()" classname="FileValidatorTest" time="0.001"/>
  <testcase name="removeDraftFilesStream_performOperation_correctResults()" classname="FileValidatorTest" time="0.0"/>
  <system-out><![CDATA[]]></system-out>
  <system-err><![CDATA[]]></system-err>
</testsuite>
